<?xml version="1.0" encoding="UTF-8"?>
<testng-results ignored="0" total="1" passed="1" failed="0" skipped="0">
  <reporter-output>
  </reporter-output>
  <suite started-at="2022-12-01T20:26:58 EST" name="Default suite" finished-at="2022-12-01T20:27:04 EST" duration-ms="5705">
    <groups>
    </groups>
    <test started-at="2022-12-01T20:26:58 EST" name="Default test" finished-at="2022-12-01T20:27:04 EST" duration-ms="5705">
      <class name="lessonEight.ChromeOptionDownload2">
        <test-method signature="DownloadFile()[pri:0, instance:lessonEight.ChromeOptionDownload2@63a12c68]" started-at="2022-12-01T20:26:58 EST" name="DownloadFile" finished-at="2022-12-01T20:27:04 EST" duration-ms="5633" status="PASS">
          <reporter-output>
          </reporter-output>
        </test-method> <!-- DownloadFile -->
      </class> <!-- lessonEight.ChromeOptionDownload2 -->
    </test> <!-- Default test -->
  </suite> <!-- Default suite -->
</testng-results>
